escuchando en el puerto 3000
nuevo usuario conectado: 3aXFP03fmfL_4TBcAAAA
DATA_____________
{ userId: 21 }
usuarios conectados:
[]
21
d
21
b
21
bas
21
bas
21
bast
21
bas
21
ba
21
b
21
c
21
as
21
as
21
ase
21
as
21
a
21
p
21
pe
21
p
21
c
21
cap
21
cap
21
capt
21
cap
21
ca
21
c
21
j
21
je
21
je
21
je
21
je
usuario desconectado: 3aXFP03fmfL_4TBcAAAA
nuevo usuario conectado: N1pooC2Bx2Mf28-pAAAB
DATA_____________
{ userId: 27 }
usuarios conectados:
[]
27
c
27
ca
27
c
27
c
27
ca
27
cap
27
capt
27
captr
27
capt
27
captt
27
capttu
27
captt
27
capt
27
captu
27
captut
27
captutr
27
captut
27
captu
27
captur
27
capturi
27
capturis
27
capturist
27
capturista
27
capturist
27
capturis
27
capturi
27
captur
27
captu
27
capt
27
cap
27
ca
27
c
27
c
27
c
27
cap
27
cap
27
capt
27
captu
27
captur
27
captu
27
capt
27
cap
27
ca
27
c
nuevo usuario conectado: RyGj2nI1248owjnhAAAC
DATA_____________
{ userId: 21 }
usuarios conectados:
[ { userId: 27,
    userName: 'jefeunidad1',
    avatar: 'avatar.png',
    employment: 'Jefe de Unidad',
    cId: 2 } ]
usuarios conectados:
[ { userId: 27,
    userName: 'jefeunidad1',
    avatar: 'avatar.png',
    employment: 'Jefe de Unidad',
    cId: 2 } ]
usuario desconectado: N1pooC2Bx2Mf28-pAAAB
21
h
21
he
21
h
21
j
21
je
21
jef
21
jefe
21
jef
21
je
21
j
usuario desconectado: RyGj2nI1248owjnhAAAC
